<?xml version="1.0" encoding="UTF-8"?>
<testsuite name="com.soj.principle.interfacesegregation.BurgerOrderServiceImplTest" tests="1" skipped="0" failures="0" errors="0" timestamp="2022-02-12T16:34:52" hostname="DESKTOP-H3C67DB" time="0.614">
  <properties/>
  <testcase name="testToOrderQuantityOfBurger()" classname="com.soj.principle.interfacesegregation.BurgerOrderServiceImplTest" time="0.614"/>
  <system-out><![CDATA[DEBUG [Test worker] 2022-02-12T16:34:53,431  (line ) Received order of 5 burgers .
]]></system-out>
  <system-err><![CDATA[]]></system-err>
</testsuite>
