<?xml version="1.0" encoding="UTF-8"?>
<testsuite name="com.soj.principle.interfacesegregation.ComboOrderServiceImplTest" tests="1" skipped="0" failures="0" errors="0" timestamp="2022-02-12T16:34:53" hostname="DESKTOP-H3C67DB" time="0.002">
  <properties/>
  <testcase name="testToOrderofBothInCombo()" classname="com.soj.principle.interfacesegregation.ComboOrderServiceImplTest" time="0.002"/>
  <system-out><![CDATA[DEBUG [Test worker] 2022-02-12T16:34:53,446  (line ) Received order of both 6 burgers and 3 fries in combo  .
]]></system-out>
  <system-err><![CDATA[]]></system-err>
</testsuite>
