<?xml version="1.0" encoding="UTF-8"?>
<testsuite name="com.soj.principle.interfacesegregation.FriesOrderServiceImplTest" tests="1" skipped="0" failures="0" errors="0" timestamp="2022-02-12T16:34:53" hostname="DESKTOP-H3C67DB" time="0.001">
  <properties/>
  <testcase name="testToOrderFriesOfFries()" classname="com.soj.principle.interfacesegregation.FriesOrderServiceImplTest" time="0.001"/>
  <system-out><![CDATA[DEBUG [Test worker] 2022-02-12T16:34:53,449  (line ) Received order of 4 fries .
]]></system-out>
  <system-err><![CDATA[]]></system-err>
</testsuite>
